2024-09-26 16:18:24.872 [main] INFO  org.example.Main - Operation: Power - Start
2024-09-26 16:18:24.878 [main] INFO  org.example.Main - Operation: Power, Base: 2.0, Exponent: 3.0, Result: 8.0
2024-09-26 16:18:24.878 [main] INFO  org.example.Main - Operation: Power - End
2024-09-26 16:18:24.889 [main] INFO  org.example.Main - Operation: Square root - Start
2024-09-26 16:18:24.891 [main] INFO  org.example.Main - Operation: Square root, Input: 16.0, Result: 4.0
2024-09-26 16:18:24.891 [main] INFO  org.example.Main - Operation: Square root - End
2024-09-26 16:18:24.894 [main] INFO  org.example.Main - Operation: Power - Start
2024-09-26 16:18:24.894 [main] INFO  org.example.Main - Operation: Power, Base: 5.0, Exponent: 0.0, Result: 1.0
2024-09-26 16:18:24.894 [main] INFO  org.example.Main - Operation: Power - End
2024-09-26 16:18:24.897 [main] INFO  org.example.Main - Operation: Natural logarithm - Start
2024-09-26 16:18:24.898 [main] INFO  org.example.Main - Operation: Natural logarithm, Input: 2.71828, Result: 0.999999327347282
2024-09-26 16:18:24.898 [main] INFO  org.example.Main - Operation: Natural logarithm - End
2024-09-26 16:18:24.900 [main] INFO  org.example.Main - Operation: Factorial - Start
2024-09-26 16:18:24.904 [main] INFO  org.example.Main - Operation: Factorial, Input: 5, Result: 120
2024-09-26 16:18:24.904 [main] INFO  org.example.Main - Operation: Factorial - End
2024-09-26 16:18:24.906 [main] INFO  org.example.Main - Operation: Factorial - Start
2024-09-26 16:18:24.907 [main] INFO  org.example.Main - Operation: Factorial, Input: 0, Result: 1
2024-09-26 16:18:24.907 [main] INFO  org.example.Main - Operation: Factorial - End
2024-09-26 17:09:37.547 [main] INFO  org.example.Main - Operation: Power - Start
2024-09-26 17:09:37.552 [main] INFO  org.example.Main - Operation: Power, Base: 2.0, Exponent: 3.0, Result: 8.0
2024-09-26 17:09:37.552 [main] INFO  org.example.Main - Operation: Power - End
2024-09-26 17:09:37.563 [main] INFO  org.example.Main - Operation: Square root - Start
2024-09-26 17:09:37.565 [main] INFO  org.example.Main - Operation: Square root, Input: 16.0, Result: 4.0
2024-09-26 17:09:37.566 [main] INFO  org.example.Main - Operation: Square root - End
2024-09-26 17:09:37.572 [main] INFO  org.example.Main - Operation: Power - Start
2024-09-26 17:09:37.572 [main] INFO  org.example.Main - Operation: Power, Base: 5.0, Exponent: 0.0, Result: 1.0
2024-09-26 17:09:37.573 [main] INFO  org.example.Main - Operation: Power - End
2024-09-26 17:09:37.576 [main] INFO  org.example.Main - Operation: Natural logarithm - Start
2024-09-26 17:09:37.576 [main] INFO  org.example.Main - Operation: Natural logarithm, Input: 2.71828, Result: 0.999999327347282
2024-09-26 17:09:37.577 [main] INFO  org.example.Main - Operation: Natural logarithm - End
2024-09-26 17:09:37.582 [main] INFO  org.example.Main - Operation: Factorial - Start
2024-09-26 17:09:37.586 [main] INFO  org.example.Main - Operation: Factorial, Input: 5, Result: 120
2024-09-26 17:09:37.586 [main] INFO  org.example.Main - Operation: Factorial - End
2024-09-26 17:09:37.589 [main] INFO  org.example.Main - Operation: Factorial - Start
2024-09-26 17:09:37.589 [main] INFO  org.example.Main - Operation: Factorial, Input: 0, Result: 1
2024-09-26 17:09:37.589 [main] INFO  org.example.Main - Operation: Factorial - End
